<?xml version="1.0" encoding="UTF-8"?>
<!-- Generated by org.testng.reporters.JUnitReportReporter -->
<testsuite skipped="0" hostname="PAVAN-PC" name="Selenium.DropdownFunctions" tests="1" failures="0" timestamp="12 Jun 2019 16:21:09 GMT" time="44.684" errors="0">
  <testcase name="dropDownSelectFunction" time="44.684" classname="Selenium.DropdownFunctions"/>
</testsuite> <!-- Selenium.DropdownFunctions -->
