<?xml version="1.0" encoding="UTF-8"?>
<!-- Generated by org.testng.reporters.JUnitReportReporter -->
<testsuite skipped="0" hostname="PAVAN-PC" name="Selenium.BootStrapDropdown" tests="1" failures="0" timestamp="20 May 2019 16:00:50 GMT" time="27.670" errors="0">
  <testcase name="bootStrap" time="27.670" classname="Selenium.BootStrapDropdown"/>
</testsuite> <!-- Selenium.BootStrapDropdown -->
