<?xml version="1.0" encoding="UTF-8"?>
<!-- Generated by org.testng.reporters.JUnitReportReporter -->
<testsuite skipped="0" hostname="PAVAN-PC" name="Selenium.DragandDrop_2" tests="1" failures="0" timestamp="19 May 2019 14:54:22 GMT" time="23.450" errors="0">
  <testcase name="dragandDrop" time="23.450" classname="Selenium.DragandDrop_2"/>
</testsuite> <!-- Selenium.DragandDrop_2 -->
