<?xml version="1.0" encoding="UTF-8"?>
<!-- Generated by org.testng.reporters.JUnitReportReporter -->
<testsuite skipped="0" hostname="PAVAN-PC" name="Selenium.DropdownAscendingOrder_Yes" tests="1" failures="0" timestamp="15 May 2019 16:34:11 GMT" time="19.502" errors="0">
  <testcase name="DropdownAscending" time="19.502" classname="Selenium.DropdownAscendingOrder_Yes"/>
</testsuite> <!-- Selenium.DropdownAscendingOrder_Yes -->
