<?xml version="1.0" encoding="UTF-8"?>
<!-- Generated by org.testng.reporters.JUnitReportReporter -->
<testsuite skipped="0" hostname="PAVAN-PC" name="Selenium.BootStrap" tests="1" failures="0" timestamp="20 May 2019 15:58:32 GMT" time="18.781" errors="0">
  <testcase name="bootStrap" time="18.781" classname="Selenium.BootStrap"/>
</testsuite> <!-- Selenium.BootStrap -->
