<?xml version="1.0" encoding="UTF-8"?>
<!-- Generated by org.testng.reporters.JUnitReportReporter -->
<testsuite hostname="Admin-PC" name="Selenium.ChromeLogs" tests="1" failures="0" timestamp="1 Apr 2020 14:22:39 GMT" time="22.670" errors="0">
  <testcase name="chromeLogs" time="22.670" classname="Selenium.ChromeLogs"/>
</testsuite> <!-- Selenium.ChromeLogs -->
