<?xml version="1.0" encoding="UTF-8"?>
<!-- Generated by org.testng.reporters.JUnitReportReporter -->
<testsuite skipped="0" hostname="PAVAN-PC" name="Selenium.DragandDrop" tests="1" failures="0" timestamp="19 May 2019 14:52:35 GMT" time="13.507" errors="0">
  <testcase name="dragandDrop" time="13.507" classname="Selenium.DragandDrop"/>
</testsuite> <!-- Selenium.DragandDrop -->
