<?xml version="1.0" encoding="UTF-8"?>
<!-- Generated by org.testng.reporters.JUnitReportReporter -->
<testsuite hostname="Admin-PC" name="Selenium.FirefoxLogs" tests="1" failures="0" timestamp="1 Apr 2020 14:50:02 GMT" time="33.878" errors="0">
  <testcase name="firefoxLogs" time="33.878" classname="Selenium.FirefoxLogs"/>
</testsuite> <!-- Selenium.FirefoxLogs -->
