<?xml version="1.0" encoding="UTF-8"?>
<!-- Generated by org.testng.reporters.JUnitReportReporter -->
<testsuite skipped="0" hostname="PAVAN-PC" name="Selenium.DragandDrop_1" tests="1" failures="0" timestamp="25 May 2019 06:55:48 GMT" time="26.846" errors="0">
  <testcase name="dragandDrop" time="26.846" classname="Selenium.DragandDrop_1"/>
</testsuite> <!-- Selenium.DragandDrop_1 -->
