<?xml version="1.0" encoding="UTF-8"?>
<!-- Generated by org.testng.reporters.JUnitReportReporter -->
<testsuite hostname="Admin-PC" name="Selenium.CountNumberOfFrames" tests="1" failures="0" timestamp="27 Aug 2019 18:53:57 GMT" time="23.504" errors="0">
  <testcase name="countNumberOfFrames" time="23.504" classname="Selenium.CountNumberOfFrames"/>
</testsuite> <!-- Selenium.CountNumberOfFrames -->
