<?xml version="1.0" encoding="UTF-8"?>
<!-- Generated by org.testng.reporters.JUnitReportReporter -->
<testsuite hostname="Admin-PC" name="Selenium.SuppressChromeLogs" tests="1" failures="0" timestamp="16 Oct 2019 18:23:37 GMT" time="8.088" errors="0">
  <testcase name="suppressChromeLogs" time="8.088" classname="Selenium.SuppressChromeLogs"/>
</testsuite> <!-- Selenium.SuppressChromeLogs -->
