<?xml version="1.0" encoding="UTF-8"?>
<!-- Generated by org.testng.reporters.JUnitReportReporter -->
<testsuite hostname="Admin-PC" name="Selenium.HandlingAutoSuggestions" tests="1" failures="0" timestamp="29 Dec 2019 05:44:38 GMT" time="22.079" errors="0">
  <testcase name="handlingAutoSuggestions" time="22.079" classname="Selenium.HandlingAutoSuggestions"/>
</testsuite> <!-- Selenium.HandlingAutoSuggestions -->
