<?xml version="1.0" encoding="UTF-8"?>
<!-- Generated by org.testng.reporters.JUnitReportReporter -->
<testsuite skipped="0" hostname="PAVAN-PC" name="Selenium.BrowserWindowPopup_1" tests="1" failures="0" timestamp="19 May 2019 11:44:58 GMT" time="10.558" errors="0">
  <testcase name="popupVerify" time="10.558" classname="Selenium.BrowserWindowPopup_1"/>
</testsuite> <!-- Selenium.BrowserWindowPopup_1 -->
