<?xml version="1.0" encoding="UTF-8"?>
<!-- Generated by org.testng.reporters.JUnitReportReporter -->
<testsuite hostname="Admin-PC" name="Selenium.FileUpload" tests="1" failures="0" timestamp="9 Jan 2020 14:26:48 GMT" time="10.729" errors="0">
  <testcase name="fileUpload" time="10.729" classname="Selenium.FileUpload"/>
</testsuite> <!-- Selenium.FileUpload -->
