<?xml version="1.0" encoding="UTF-8"?>
<!-- Generated by org.testng.reporters.JUnitReportReporter -->
<testsuite hostname="Admin-PC" name="Selenium.GetAttributeValue" tests="1" failures="0" timestamp="5 Jan 2020 16:27:25 GMT" time="24.902" errors="0">
  <testcase name="getAttributeValue" time="24.902" classname="Selenium.GetAttributeValue"/>
</testsuite> <!-- Selenium.GetAttributeValue -->
