<?xml version="1.0" encoding="UTF-8"?>
<!-- Generated by org.testng.reporters.JUnitReportReporter -->
<testsuite skipped="0" hostname="PAVAN-PC" name="Selenium.NavigationBackForwardBackRefresh" tests="1" failures="0" timestamp="17 May 2019 18:57:12 GMT" time="52.197" errors="0">
  <testcase name="bootStrap" time="52.197" classname="Selenium.NavigationBackForwardBackRefresh"/>
</testsuite> <!-- Selenium.NavigationBackForwardBackRefresh -->
