<?xml version="1.0" encoding="UTF-8"?>
<!-- Generated by org.testng.reporters.JUnitReportReporter -->
<testsuite skipped="0" hostname="PAVAN-PC" name="Selenium.DropdownFunctions_2" tests="1" failures="0" timestamp="12 Jun 2019 16:50:36 GMT" time="14.448" errors="0">
  <testcase name="dropDownSelectFunction" time="14.448" classname="Selenium.DropdownFunctions_2"/>
</testsuite> <!-- Selenium.DropdownFunctions_2 -->
