<?xml version="1.0" encoding="UTF-8"?>
<!-- Generated by org.testng.reporters.JUnitReportReporter -->
<testsuite skipped="0" hostname="PAVAN-PC" name="Selenium.AlertPopup" tests="1" failures="0" timestamp="19 May 2019 14:52:06 GMT" time="22.480" errors="0">
  <testcase name="alertWindowPopup" time="22.480" classname="Selenium.AlertPopup"/>
</testsuite> <!-- Selenium.AlertPopup -->
