<?xml version="1.0" encoding="UTF-8"?>
<!-- Generated by org.testng.reporters.JUnitReportReporter -->
<testsuite hostname="Admin-PC" name="Selenium.FileUpload_2" tests="1" failures="0" timestamp="28 Dec 2019 05:21:07 GMT" time="5.160" errors="0">
  <testcase name="fileUpload" time="5.160" classname="Selenium.FileUpload_2"/>
</testsuite> <!-- Selenium.FileUpload_2 -->
