<?xml version="1.0" encoding="UTF-8"?>
<!-- Generated by org.testng.reporters.JUnitReportReporter -->
<testsuite skipped="0" hostname="PAVAN-PC" name="Selenium.Tester" tests="1" failures="0" timestamp="12 Jun 2019 14:25:20 GMT" time="21.898" errors="0">
  <testcase name="alertWindowPopup" time="21.898" classname="Selenium.Tester"/>
</testsuite> <!-- Selenium.Tester -->
