<?xml version="1.0" encoding="UTF-8"?>
<!-- Generated by org.testng.reporters.JUnitReportReporter -->
<testsuite skipped="0" hostname="PAVAN-PC" name="Selenium.BrowserWindowPopupHandles" tests="1" failures="0" timestamp="19 May 2019 11:26:41 GMT" time="30.675" errors="0">
  <testcase name="PopupVerify" time="30.675" classname="Selenium.BrowserWindowPopupHandles"/>
</testsuite> <!-- Selenium.BrowserWindowPopupHandles -->
