<?xml version="1.0" encoding="UTF-8"?>
<!-- Generated by org.testng.reporters.JUnitReportReporter -->
<testsuite skipped="0" hostname="PAVAN-PC" name="Selenium.BootStrapDropDown_1" tests="1" failures="0" timestamp="17 May 2019 17:44:54 GMT" time="11.385" errors="0">
  <testcase name="bootStrap" time="11.385" classname="Selenium.BootStrapDropDown_1"/>
</testsuite> <!-- Selenium.BootStrapDropDown_1 -->
