<?xml version="1.0" encoding="UTF-8"?>
<!-- Generated by org.testng.reporters.JUnitReportReporter -->
<testsuite hostname="Admin-PC" name="Selenium.AuthenticationPopup" tests="1" failures="0" timestamp="6 Apr 2020 05:52:06 GMT" time="32.716" errors="0">
  <testcase name="authenticationPopup" time="32.716" classname="Selenium.AuthenticationPopup"/>
</testsuite> <!-- Selenium.AuthenticationPopup -->
