<?xml version="1.0" encoding="UTF-8"?>
<!-- Generated by org.testng.reporters.JUnitReportReporter -->
<testsuite hostname="Admin-PC" name="Selenium.MoveToElement" tests="1" failures="0" timestamp="25 Jul 2019 16:18:04 GMT" time="52.303" errors="0">
  <testcase name="moveToElement" time="52.303" classname="Selenium.MoveToElement"/>
</testsuite> <!-- Selenium.MoveToElement -->
