<?xml version="1.0" encoding="UTF-8"?>
<!-- Generated by org.testng.reporters.JUnitReportReporter -->
<testsuite skipped="0" hostname="PAVAN-PC" name="Selenium.DropdownAscendingOrder" tests="1" failures="0" timestamp="15 May 2019 16:11:53 GMT" time="12.741" errors="0">
  <testcase name="DropdownAscending" time="12.741" classname="Selenium.DropdownAscendingOrder"/>
</testsuite> <!-- Selenium.DropdownAscendingOrder -->
