<?xml version="1.0" encoding="UTF-8"?>
<!-- Generated by org.testng.reporters.JUnitReportReporter -->
<testsuite skipped="0" hostname="PAVAN-PC" name="Selenium.MoveToElement" tests="1" failures="0" timestamp="20 May 2019 17:26:00 GMT" time="39.676" errors="0">
  <testcase name="moveToElement" time="39.676" classname="Selenium.MoveToElement"/>
</testsuite> <!-- Selenium.MoveToElement -->
