<?xml version="1.0" encoding="UTF-8"?>
<!-- Generated by org.testng.reporters.JUnitReportReporter -->
<testsuite skipped="0" hostname="PAVAN-PC" name="Selenium.AlertPopup" tests="1" failures="0" timestamp="09 Jun 2019 11:45:45 GMT" time="20.982" errors="0">
  <testcase name="alertWindowPopup" time="20.982" classname="Selenium.AlertPopup"/>
</testsuite> <!-- Selenium.AlertPopup -->
