<?xml version="1.0" encoding="UTF-8"?>
<!-- Generated by org.testng.reporters.JUnitReportReporter -->
<testsuite hostname="Admin-PC" name="CrossBroswerTesting.TestClass" tests="2" failures="0" timestamp="20 Jul 2019 07:51:31 GMT" time="35.196" errors="0">
  <testcase name="verifyFacebookTitle" time="20.751" classname="CrossBroswerTesting.TestClass"/>
  <testcase name="verifyFacebookTitle" time="14.445" classname="CrossBroswerTesting.TestClass"/>
</testsuite> <!-- CrossBroswerTesting.TestClass -->
