<?xml version="1.0" encoding="UTF-8"?>
<!-- Generated by org.testng.reporters.JUnitReportReporter -->
<testsuite hostname="Admin-PC" name="Selenium.ChromeLogs" tests="1" failures="0" timestamp="26 Aug 2019 17:12:44 GMT" time="20.529" errors="0">
  <testcase name="chromeLogs" time="20.529" classname="Selenium.ChromeLogs"/>
</testsuite> <!-- Selenium.ChromeLogs -->
