<?xml version="1.0" encoding="UTF-8"?>
<!-- Generated by org.testng.reporters.JUnitReportReporter -->
<testsuite hostname="Admin-PC" name="Selenium.FileUpload_1" tests="1" failures="0" timestamp="6 Apr 2020 06:27:52 GMT" time="10.258" errors="0">
  <testcase name="fileUpload" time="10.258" classname="Selenium.FileUpload_1"/>
</testsuite> <!-- Selenium.FileUpload_1 -->
