<?xml version="1.0" encoding="UTF-8"?>
<!-- Generated by org.testng.reporters.JUnitReportReporter -->
<testsuite skipped="0" hostname="PAVAN-PC" name="Selenium.FileUpload" tests="1" failures="0" timestamp="17 May 2019 19:29:46 GMT" time="14.405" errors="0">
  <testcase name="bootStrap" time="14.405" classname="Selenium.FileUpload"/>
</testsuite> <!-- Selenium.FileUpload -->
