<?xml version="1.0" encoding="UTF-8"?>
<!-- Generated by org.testng.reporters.JUnitReportReporter -->
<testsuite skipped="0" hostname="PAVAN-PC" name="Selenium.BootStrapDropdown_2" tests="1" failures="0" timestamp="20 May 2019 16:37:43 GMT" time="11.918" errors="0">
  <testcase name="bootStrap" time="11.918" classname="Selenium.BootStrapDropdown_2"/>
</testsuite> <!-- Selenium.BootStrapDropdown_2 -->
