<?xml version="1.0" encoding="UTF-8"?>
<!-- Generated by org.testng.reporters.JUnitReportReporter -->
<testsuite skipped="0" hostname="PAVAN-PC" name="Selenium.BootStrapDropdown_1" tests="1" failures="0" timestamp="20 May 2019 16:10:14 GMT" time="34.699" errors="0">
  <testcase name="bootStrap" time="34.699" classname="Selenium.BootStrapDropdown_1"/>
</testsuite> <!-- Selenium.BootStrapDropdown_1 -->
