<?xml version="1.0" encoding="UTF-8"?>
<!-- Generated by org.testng.reporters.JUnitReportReporter -->
<testsuite hostname="Admin-PC" name="TestNG.ListenersProgram" tests="1" failures="0" timestamp="19 Jul 2019 20:10:55 GMT" time="10.495" errors="0">
  <testcase name="GoogleTitleVerify" time="10.495" classname="TestNG.ListenersProgram"/>
</testsuite> <!-- TestNG.ListenersProgram -->
