<?xml version="1.0" encoding="UTF-8"?>
<!-- Generated by org.testng.reporters.JUnitReportReporter -->
<testsuite hostname="Admin-PC" name="Selenium.AuthenticationPopup" tests="1" failures="0" timestamp="5 Jan 2020 16:09:14 GMT" time="29.259" errors="0">
  <testcase name="authenticationPopup" time="29.259" classname="Selenium.AuthenticationPopup"/>
</testsuite> <!-- Selenium.AuthenticationPopup -->
