<?xml version="1.0" encoding="UTF-8"?>
<!-- Generated by org.testng.reporters.JUnitReportReporter -->
<testsuite hostname="Admin-PC" name="Selenium.DragandDrop_1" tests="1" failures="0" timestamp="25 Jan 2020 11:53:06 GMT" time="13.840" errors="0">
  <testcase name="dragandDrop" time="13.840" classname="Selenium.DragandDrop_1"/>
</testsuite> <!-- Selenium.DragandDrop_1 -->
