<?xml version="1.0" encoding="UTF-8"?>
<!-- Generated by org.testng.reporters.JUnitReportReporter -->
<testsuite skipped="0" hostname="PAVAN-PC" name="Selenium.DropdownFunctions_3" tests="1" failures="0" timestamp="12 Jun 2019 17:04:25 GMT" time="26.807" errors="0">
  <testcase name="dropDownSelectFunction" time="26.807" classname="Selenium.DropdownFunctions_3"/>
</testsuite> <!-- Selenium.DropdownFunctions_3 -->
