<?xml version="1.0" encoding="UTF-8"?>
<!-- Generated by org.testng.reporters.JUnitReportReporter -->
<testsuite hostname="Admin-PC" name="Selenium.DropdownFunctions_1" tests="1" failures="0" timestamp="7 Jul 2019 09:49:13 GMT" time="16.063" errors="0">
  <testcase name="dropDownSelectFunction" time="16.063" classname="Selenium.DropdownFunctions_1"/>
</testsuite> <!-- Selenium.DropdownFunctions_1 -->
