<?xml version="1.0" encoding="UTF-8"?>
<!-- Generated by org.testng.reporters.JUnitReportReporter -->
<testsuite hostname="Admin-PC" name="Selenium.OpeningNewTab" tests="1" failures="0" timestamp="13 Jul 2019 05:49:07 GMT" time="11.533" errors="0">
  <testcase name="openingNewTab" time="11.533" classname="Selenium.OpeningNewTab"/>
</testsuite> <!-- Selenium.OpeningNewTab -->
