<?xml version="1.0" encoding="UTF-8"?>
<!-- Generated by org.testng.reporters.JUnitReportReporter -->
<testsuite hostname="Admin-PC" name="Selenium.CountNumberOfImages" tests="1" failures="0" timestamp="27 Aug 2019 19:03:12 GMT" time="13.953" errors="0">
  <testcase name="countNumberOfImages" time="13.953" classname="Selenium.CountNumberOfImages"/>
</testsuite> <!-- Selenium.CountNumberOfImages -->
