<?xml version="1.0" encoding="UTF-8"?>
<!-- Generated by org.testng.reporters.JUnitReportReporter -->
<testsuite hostname="Admin-PC" name="Selenium.StaleElementReference_2" tests="1" failures="0" timestamp="29 Sep 2019 06:44:14 GMT" time="46.699" errors="0">
  <testcase name="staleElementReference" time="46.699" classname="Selenium.StaleElementReference_2"/>
</testsuite> <!-- Selenium.StaleElementReference_2 -->
