<?xml version="1.0" encoding="UTF-8"?>
<!-- Generated by org.testng.reporters.JUnitReportReporter -->
<testsuite hostname="Admin-PC" name="Selenium.BootStrapDropdown_1" tests="1" failures="0" timestamp="6 Jul 2019 11:20:28 GMT" time="24.369" errors="0">
  <testcase name="bootStrap" time="24.369" classname="Selenium.BootStrapDropdown_1"/>
</testsuite> <!-- Selenium.BootStrapDropdown_1 -->
