<?xml version="1.0" encoding="UTF-8"?>
<!-- Generated by org.testng.reporters.JUnitReportReporter -->
<testsuite skipped="0" hostname="PAVAN-PC" name="Selenium.ElementNotClickableException" tests="1" failures="0" timestamp="13 Jun 2019 16:02:50 GMT" time="12.637" errors="0">
  <testcase name="elementNotClickableException" time="12.637" classname="Selenium.ElementNotClickableException"/>
</testsuite> <!-- Selenium.ElementNotClickableException -->
