<?xml version="1.0" encoding="UTF-8"?>
<!-- Generated by org.testng.reporters.JUnitReportReporter -->
<testsuite skipped="0" hostname="PAVAN-PC" name="Selenium.AlertPopup" tests="1" failures="0" timestamp="16 May 2019 16:43:57 GMT" time="9.414" errors="0">
  <testcase name="bootStrap" time="9.414" classname="Selenium.AlertPopup"/>
</testsuite> <!-- Selenium.AlertPopup -->
