<?xml version="1.0" encoding="UTF-8"?>
<!-- Generated by org.testng.reporters.JUnitReportReporter -->
<testsuite hostname="Admin-PC" name="Selenium.ChromeLogs" tests="1" failures="0" timestamp="6 Sep 2019 21:05:54 GMT" time="28.852" errors="0">
  <testcase name="chromeLogs" time="28.852" classname="Selenium.ChromeLogs"/>
</testsuite> <!-- Selenium.ChromeLogs -->
