<?xml version="1.0" encoding="UTF-8"?>
<!-- Generated by org.testng.reporters.JUnitReportReporter -->
<testsuite hostname="Admin-PC" name="Selenium.ElementNotVisibleException" tests="1" failures="0" timestamp="18 Aug 2019 17:13:29 GMT" time="13.542" errors="0">
  <testcase name="hiddenElement" time="13.542" classname="Selenium.ElementNotVisibleException"/>
</testsuite> <!-- Selenium.ElementNotVisibleException -->
