<?xml version="1.0" encoding="UTF-8"?>
<!-- Generated by org.testng.reporters.JUnitReportReporter -->
<testsuite hostname="Admin-PC" name="Selenium.FileUpload_2" tests="1" failures="0" timestamp="6 Apr 2020 11:21:08 GMT" time="8.840" errors="0">
  <testcase name="fileUpload" time="8.840" classname="Selenium.FileUpload_2"/>
</testsuite> <!-- Selenium.FileUpload_2 -->
