<?xml version="1.0" encoding="UTF-8"?>
<!-- Generated by org.testng.reporters.JUnitReportReporter -->
<testsuite hostname="Admin-PC" name="Selenium.DataProvider_1" tests="2" failures="0" timestamp="6 Apr 2020 07:36:53 GMT" time="0.016" errors="0">
  <testcase name="dataProvider" time="0.016" classname="Selenium.DataProvider_1"/>
  <testcase name="dataProvider" time="0.000" classname="Selenium.DataProvider_1"/>
</testsuite> <!-- Selenium.DataProvider_1 -->
