<?xml version="1.0" encoding="UTF-8"?>
<!-- Generated by org.testng.reporters.JUnitReportReporter -->
<testsuite hostname="Admin-PC" name="Selenium.CountNumberOfLinks" tests="1" failures="0" timestamp="27 Aug 2019 18:57:31 GMT" time="11.933" errors="0">
  <testcase name="countNumberOfLinks" time="11.933" classname="Selenium.CountNumberOfLinks"/>
</testsuite> <!-- Selenium.CountNumberOfLinks -->
