<?xml version="1.0" encoding="UTF-8"?>
<!-- Generated by org.testng.reporters.JUnitReportReporter -->
<testsuite hostname="Admin-PC" name="Selenium.CalendarDateSelectOrDataPicker" tests="1" failures="0" timestamp="21 Jul 2019 09:58:03 GMT" time="20.671" errors="0">
  <testcase name="bootStrap" time="20.671" classname="Selenium.CalendarDateSelectOrDataPicker"/>
</testsuite> <!-- Selenium.CalendarDateSelectOrDataPicker -->
