<?xml version="1.0" encoding="UTF-8"?>
<!-- Generated by org.testng.reporters.JUnitReportReporter -->
<testsuite hostname="Admin-PC" name="Selenium.DataProviderCode" tests="2" failures="0" timestamp="29 Sep 2019 15:10:18 GMT" time="0.015" errors="0">
  <testcase name="dataProvider" time="0.015" classname="Selenium.DataProviderCode"/>
  <testcase name="dataProvider" time="0.000" classname="Selenium.DataProviderCode"/>
</testsuite> <!-- Selenium.DataProviderCode -->
