<?xml version="1.0" encoding="UTF-8"?>
<!-- Generated by org.testng.reporters.JUnitReportReporter -->
<testsuite hostname="Admin-PC" name="CrossBroswerTesting.TestClass" tests="2" failures="0" timestamp="24 Jul 2019 17:59:46 GMT" time="49.191" errors="0">
  <testcase name="verifyFacebookTitle" time="30.638" classname="CrossBroswerTesting.TestClass"/>
  <testcase name="verifyFacebookTitle" time="18.553" classname="CrossBroswerTesting.TestClass"/>
</testsuite> <!-- CrossBroswerTesting.TestClass -->
