<?xml version="1.0" encoding="UTF-8"?>
<!-- Generated by org.testng.reporters.JUnitReportReporter -->
<testsuite hostname="Admin-PC" name="Selenium.DataProviderCode" tests="2" failures="0" timestamp="6 Apr 2020 07:35:57 GMT" time="0.016" errors="0">
  <testcase name="dataProvider" time="0.016" classname="Selenium.DataProviderCode"/>
  <testcase name="dataProvider" time="0.000" classname="Selenium.DataProviderCode"/>
</testsuite> <!-- Selenium.DataProviderCode -->
