<?xml version="1.0" encoding="UTF-8"?>
<!-- Generated by org.testng.reporters.JUnitReportReporter -->
<testsuite hostname="Admin-PC" name="Selenium.SSLCertificate" tests="1" failures="0" timestamp="8 Feb 2020 10:05:23 GMT" time="51.107" errors="0">
  <testcase name="sslCertificate" time="51.107" classname="Selenium.SSLCertificate"/>
</testsuite> <!-- Selenium.SSLCertificate -->
