<?xml version="1.0" encoding="UTF-8"?>
<!-- Generated by org.testng.reporters.JUnitReportReporter -->
<testsuite skipped="0" hostname="PAVAN-PC" name="Selenium.DropdownAscendingOrder_Yes" tests="1" failures="0" timestamp="16 May 2019 16:34:44 GMT" time="12.458" errors="0">
  <testcase name="DropdownAscending" time="12.458" classname="Selenium.DropdownAscendingOrder_Yes"/>
</testsuite> <!-- Selenium.DropdownAscendingOrder_Yes -->
