<?xml version="1.0" encoding="UTF-8"?>
<!-- Generated by org.testng.reporters.JUnitReportReporter -->
<testsuite hostname="Admin-PC" name="Selenium.AlertPopup" tests="1" failures="0" timestamp="25 Jul 2019 15:51:43 GMT" time="8.661" errors="0">
  <testcase name="alertWindowPopup" time="8.661" classname="Selenium.AlertPopup"/>
</testsuite> <!-- Selenium.AlertPopup -->
