<?xml version="1.0" encoding="UTF-8"?>
<!-- Generated by org.testng.reporters.JUnitReportReporter -->
<testsuite hostname="Admin-PC" name="Selenium.OpenNewLinkInNewTab" tests="1" failures="0" timestamp="21 Jul 2019 09:36:15 GMT" time="9.158" errors="0">
  <testcase name="openNewLinkInNewTab" time="9.158" classname="Selenium.OpenNewLinkInNewTab"/>
</testsuite> <!-- Selenium.OpenNewLinkInNewTab -->
