<?xml version="1.0" encoding="UTF-8"?>
<!-- Generated by org.testng.reporters.JUnitReportReporter -->
<testsuite hostname="Admin-PC" name="Selenium.DragandDrop_1" tests="1" failures="0" timestamp="3 Mar 2020 15:57:28 GMT" time="32.662" errors="0">
  <testcase name="dragandDrop" time="32.662" classname="Selenium.DragandDrop_1"/>
</testsuite> <!-- Selenium.DragandDrop_1 -->
