<?xml version="1.0" encoding="UTF-8"?>
<!-- Generated by org.testng.reporters.JUnitReportReporter -->
<testsuite skipped="0" hostname="PAVAN-PC" name="Selenium.GoogleSearchTest" tests="1" failures="0" timestamp="04 Jun 2019 17:51:19 GMT" time="29.904" errors="0">
  <testcase name="alertWindowPopup" time="29.904" classname="Selenium.GoogleSearchTest"/>
</testsuite> <!-- Selenium.GoogleSearchTest -->
