<?xml version="1.0" encoding="UTF-8"?>
<!-- Generated by org.testng.reporters.JUnitReportReporter -->
<testsuite hostname="Admin-PC" name="Selenium.SuppressFirefoxLogs" tests="1" failures="0" timestamp="16 Oct 2019 18:25:05 GMT" time="18.377" errors="0">
  <testcase name="suppressFirefoxLogs" time="18.377" classname="Selenium.SuppressFirefoxLogs"/>
</testsuite> <!-- Selenium.SuppressFirefoxLogs -->
