<?xml version="1.0" encoding="UTF-8"?>
<!-- Generated by org.testng.reporters.JUnitReportReporter -->
<testsuite hostname="Admin-PC" name="Selenium.StaleElementReference_1" tests="1" failures="0" timestamp="29 Sep 2019 06:42:44 GMT" time="11.693" errors="0">
  <testcase name="staleElementReference" time="11.693" classname="Selenium.StaleElementReference_1"/>
</testsuite> <!-- Selenium.StaleElementReference_1 -->
