<?xml version="1.0" encoding="UTF-8"?>
<!-- Generated by org.testng.reporters.JUnitReportReporter -->
<testsuite hostname="Admin-PC" name="Selenium.OpeningNewTab" tests="1" failures="0" timestamp="21 Jul 2019 09:29:58 GMT" time="21.911" errors="0">
  <testcase name="openingNewTab" time="21.911" classname="Selenium.OpeningNewTab"/>
</testsuite> <!-- Selenium.OpeningNewTab -->
