<?xml version="1.0" encoding="UTF-8"?>
<!-- Generated by org.testng.reporters.JUnitReportReporter -->
<testsuite skipped="0" hostname="PAVAN-PC" name="Selenium.WebTableHandling" tests="1" failures="0" timestamp="28 May 2019 17:17:19 GMT" time="29.786" errors="0">
  <testcase name="webTable" time="29.786" classname="Selenium.WebTableHandling"/>
</testsuite> <!-- Selenium.WebTableHandling -->
