<?xml version="1.0" encoding="UTF-8"?>
<!-- Generated by org.testng.reporters.JUnitReportReporter -->
<testsuite hostname="Admin-PC" name="Selenium.FileUpload" tests="1" failures="0" timestamp="13 Jan 2020 17:56:03 GMT" time="17.377" errors="0">
  <testcase name="fileUpload" time="17.377" classname="Selenium.FileUpload"/>
</testsuite> <!-- Selenium.FileUpload -->
