<?xml version="1.0" encoding="UTF-8"?>
<!-- Generated by org.testng.reporters.JUnitReportReporter -->
<testsuite hostname="Admin-PC" name="Selenium.DisableChromeNotification" tests="1" failures="0" timestamp="3 Mar 2020 16:02:35 GMT" time="14.009" errors="0">
  <testcase name="disableChromeNotification" time="14.009" classname="Selenium.DisableChromeNotification"/>
</testsuite> <!-- Selenium.DisableChromeNotification -->
