<?xml version="1.0" encoding="UTF-8"?>
<!-- Generated by org.testng.reporters.JUnitReportReporter -->
<testsuite skipped="0" hostname="PAVAN-PC" name="Selenium.DownloadFileConcept" tests="1" failures="0" timestamp="16 May 2019 16:45:19 GMT" time="18.575" errors="0">
  <testcase name="downloanFileTest" time="18.575" classname="Selenium.DownloadFileConcept"/>
</testsuite> <!-- Selenium.DownloadFileConcept -->
