<?xml version="1.0" encoding="UTF-8"?>
<!-- Generated by org.testng.reporters.JUnitReportReporter -->
<testsuite hostname="Admin-PC" name="Selenium.ElementNotVisibleException" tests="1" failures="0" timestamp="8 Aug 2019 16:01:42 GMT" time="9.732" errors="0">
  <testcase name="hiddenElement" time="9.732" classname="Selenium.ElementNotVisibleException"/>
</testsuite> <!-- Selenium.ElementNotVisibleException -->
