<?xml version="1.0" encoding="UTF-8"?>
<!-- Generated by org.testng.reporters.JUnitReportReporter -->
<testsuite skipped="0" hostname="PAVAN-PC" name="Selenium.BrowserWindowPopup_2" tests="1" failures="0" timestamp="19 May 2019 11:45:24 GMT" time="9.988" errors="0">
  <testcase name="popupVerify" time="9.988" classname="Selenium.BrowserWindowPopup_2"/>
</testsuite> <!-- Selenium.BrowserWindowPopup_2 -->
